android/build/intermediates/manifest_merge_blame_file/debug/manifest-merger-blame-debug-report.txt
1<?xml version="1.0" encoding="utf-8"?>
2<manifest xmlns:android="http://schemas.android.com/apk/res/android"
3    xmlns:dist="http://schemas.android.com/apk/distribution"
4    package="com.shatteredpixel.shatteredpixeldungeon.indev"
5    android:installLocation="auto"
6    android:targetSandboxVersion="2"
7    android:versionCode="490"
8    android:versionName="0.9.0b-INDEV" >
9
10    <uses-sdk
11        android:minSdkVersion="9"
11-->src\main\AndroidManifest.xml
12        android:targetSdkVersion="30" />
12-->src\main\AndroidManifest.xml
13
14    <dist:module dist:instant="true" />
14-->src\main\AndroidManifest.xml:8:2-37
14-->src\main\AndroidManifest.xml:8:15-34
15
16    <uses-feature android:glEsVersion="0x00020000" />
16-->src\main\AndroidManifest.xml:9:2-50
16-->src\main\AndroidManifest.xml:9:16-48
17
18    <uses-permission android:name="android.permission.VIBRATE" />
18-->src\main\AndroidManifest.xml:11:2-63
18-->src\main\AndroidManifest.xml:11:19-60
19    <uses-permission android:name="android.permission.INTERNET" />
19-->src\main\AndroidManifest.xml:12:2-64
19-->src\main\AndroidManifest.xml:12:19-61
20    <uses-permission android:name="android.permission.ACCESS_NETWORK_STATE" />
20-->src\main\AndroidManifest.xml:13:2-76
20-->src\main\AndroidManifest.xml:13:19-73
21
22    <!--
23         Note that the game doesn't truly support small screen resolutions,
24		it instead forces downscaling to work on these displays.
25    -->
26    <supports-screens
26-->src\main\AndroidManifest.xml:17:2-21:33
27        android:largeScreens="true"
27-->src\main\AndroidManifest.xml:20:3-30
28        android:normalScreens="true"
28-->src\main\AndroidManifest.xml:19:3-31
29        android:smallScreens="true"
29-->src\main\AndroidManifest.xml:18:3-30
30        android:xlargeScreens="true" />
30-->src\main\AndroidManifest.xml:21:3-31
31
32    <application
33        android:allowBackup="true"
33-->src\main\AndroidManifest.xml:28:3-29
34        android:backupAgent="com.shatteredpixel.shatteredpixeldungeon.android.AndroidBackupHandler"
34-->src\main\AndroidManifest.xml:30:3-46
35        android:debuggable="true"
36        android:fullBackupOnly="true"
36-->src\main\AndroidManifest.xml:29:3-32
37        android:icon="@mipmap/ic_launcher"
37-->src\main\AndroidManifest.xml:24:3-37
38        android:label="Shattered Pixel Dungeon"
38-->src\main\AndroidManifest.xml:25:3-29
39        android:resizeableActivity="true"
39-->src\main\AndroidManifest.xml:27:3-36
40        android:testOnly="true"
41        android:theme="@android:style/Theme.Black.NoTitleBar" >
41-->src\main\AndroidManifest.xml:26:3-56
42        <activity
43            android:name="com.shatteredpixel.shatteredpixeldungeon.android.AndroidLauncher"
43-->src\main\AndroidManifest.xml:33:4-35
44            android:label="Shattered Pixel Dungeon" >
44-->src\main\AndroidManifest.xml:32:4-30
45            <intent-filter>
45-->src\main\AndroidManifest.xml:34:4-37:20
46                <action android:name="android.intent.action.MAIN" />
46-->src\main\AndroidManifest.xml:35:5-57
46-->src\main\AndroidManifest.xml:35:13-54
47
48                <category android:name="android.intent.category.LAUNCHER" />
48-->src\main\AndroidManifest.xml:36:5-65
48-->src\main\AndroidManifest.xml:36:15-62
49            </intent-filter>
50        </activity>
51        <activity
52            android:name="com.shatteredpixel.shatteredpixeldungeon.android.AndroidGame"
52-->src\main\AndroidManifest.xml:41:4-31
53            android:configChanges="keyboard|keyboardHidden|orientation"
53-->src\main\AndroidManifest.xml:43:4-63
54            android:label="Shattered Pixel Dungeon"
54-->src\main\AndroidManifest.xml:40:4-30
55            android:screenOrientation="nosensor" >
55-->src\main\AndroidManifest.xml:42:4-40
56        </activity>
57    </application>
58
59</manifest>